[debug] [2025-11-27T10:27:54.797Z] ----------------------------------------------------------------------
[debug] [2025-11-27T10:27:54.805Z] Command:       C:\Program Files\nodejs\node.exe C:\Users\HP\AppData\Roaming\npm\node_modules\firebase-tools\lib\bin\firebase.js emulators:start --only functions,firestore
[debug] [2025-11-27T10:27:54.806Z] CLI Version:   14.24.1
[debug] [2025-11-27T10:27:54.806Z] Platform:      win32
[debug] [2025-11-27T10:27:54.807Z] Node Version:  v22.18.0
[debug] [2025-11-27T10:27:54.808Z] Time:          Thu Nov 27 2025 15:57:54 GMT+0530 (India Standard Time)
[debug] [2025-11-27T10:27:54.808Z] ----------------------------------------------------------------------
[debug] 
[debug] [2025-11-27T10:27:55.722Z] > command requires scopes: ["email","openid","https://www.googleapis.com/auth/cloudplatformprojects.readonly","https://www.googleapis.com/auth/firebase","https://www.googleapis.com/auth/cloud-platform"]
[debug] [2025-11-27T10:27:55.727Z] > authorizing via signed-in user (infynetic@gmail.com)
[info] i  emulators: Starting emulators: functions {"metadata":{"emulator":{"name":"hub"},"message":"Starting emulators: functions"}}
[info] i  emulators: Detected demo project ID "demo-no-project", emulated services will use a demo configuration and attempts to access non-emulated services for this project will fail. {"metadata":{"emulator":{"name":"hub"},"message":"Detected demo project ID \"demo-no-project\", emulated services will use a demo configuration and attempts to access non-emulated services for this project will fail."}}
[warn] !  firestore: Not starting the firestore emulator, make sure you have run firebase init. {"metadata":{"emulator":{"name":"firestore"},"message":"Not starting the \u001b[1mfirestore\u001b[22m emulator, make sure you have run \u001b[1mfirebase init\u001b[22m."}}
[debug] [2025-11-27T10:27:55.831Z] [logging] Logging Emulator only supports listening on one address (127.0.0.1). Not listening on ::1
[debug] [2025-11-27T10:27:55.832Z] assigned listening specs for emulators {"user":{"hub":[{"address":"127.0.0.1","family":"IPv4","port":4400},{"address":"::1","family":"IPv6","port":4400}],"ui":[{"address":"127.0.0.1","family":"IPv4","port":4000},{"address":"::1","family":"IPv6","port":4000}],"logging":[{"address":"127.0.0.1","family":"IPv4","port":4500}]},"metadata":{"message":"assigned listening specs for emulators"}}
[debug] [2025-11-27T10:27:55.850Z] Emulator locator file path: C:\Users\HP\AppData\Local\Temp\hub-demo-no-project.json
[debug] [2025-11-27T10:27:55.851Z] [hub] writing locator at C:\Users\HP\AppData\Local\Temp\hub-demo-no-project.json
[debug] [2025-11-27T10:27:56.038Z] [functions] Functions Emulator only supports listening on one address (127.0.0.1). Not listening on ::1
[debug] [2025-11-27T10:27:56.038Z] [eventarc] Eventarc Emulator only supports listening on one address (127.0.0.1). Not listening on ::1
[debug] [2025-11-27T10:27:56.039Z] [tasks] Cloud Tasks Emulator only supports listening on one address (127.0.0.1). Not listening on ::1
[debug] [2025-11-27T10:27:56.039Z] late-assigned ports for functions and eventarc emulators {"user":{"hub":[{"address":"127.0.0.1","family":"IPv4","port":4400},{"address":"::1","family":"IPv6","port":4400}],"ui":[{"address":"127.0.0.1","family":"IPv4","port":4000},{"address":"::1","family":"IPv6","port":4000}],"logging":[{"address":"127.0.0.1","family":"IPv4","port":4500}],"functions":[{"address":"127.0.0.1","family":"IPv4","port":5001}],"eventarc":[{"address":"127.0.0.1","family":"IPv4","port":9299}],"tasks":[{"address":"127.0.0.1","family":"IPv4","port":9499}]},"metadata":{"message":"late-assigned ports for functions and eventarc emulators"}}
[debug] [2025-11-27T10:27:56.126Z] defaultcredentials: writing to file C:\Users\HP\AppData\Roaming\firebase\infynetic_gmail_com_application_default_credentials.json
[debug] [2025-11-27T10:27:56.131Z] Setting GAC to C:\Users\HP\AppData\Roaming\firebase\infynetic_gmail_com_application_default_credentials.json {"metadata":{"emulator":{"name":"functions"},"message":"Setting GAC to C:\\Users\\HP\\AppData\\Roaming\\firebase\\infynetic_gmail_com_application_default_credentials.json"}}
[info] i  functions: Watching "E:\01-Bussiness\Cflock\apps\functions" for Cloud Functions... {"metadata":{"emulator":{"name":"functions"},"message":"Watching \"E:\\01-Bussiness\\Cflock\\apps\\functions\" for Cloud Functions..."}}
[debug] [2025-11-27T10:27:56.202Z] Validating nodejs source
[warn] !  functions: package.json indicates an outdated version of firebase-functions. Please upgrade using npm install --save firebase-functions@latest in your functions directory. 
[warn] !  functions: Please note that there will be breaking changes when you upgrade. 
[debug] [2025-11-27T10:27:59.313Z] > [functions] package.json contents: {
  "name": "functions",
  "engines": {
    "node": "22"
  },
  "main": "lib/index.js",
  "scripts": {
    "build": "tsc",
    "watch": "tsc -w",
    "prepare": "npm run build",
    "start:emulator": "npm run build && firebase emulators:start --only functions,firestore"
  },
  "dependencies": {
    "@types/pdfkit": "^0.17.3",
    "express": "^4.18.2",
    "firebase-admin": "^12.7.0",
    "firebase-functions": "^4.4.0",
    "pdfkit": "^0.17.2"
  },
  "devDependencies": {
    "typescript": "^4.9.5"
  }
}
[debug] [2025-11-27T10:27:59.313Z] Building nodejs source
[debug] [2025-11-27T10:27:59.315Z] Failed to find version of module node: reached end of search path E:\01-Bussiness\Cflock\apps\functions\node_modules
[info] +  functions: Using node@22 from host. 
[info] i  functions: You are using a version of firebase-functions SDK (4.9.0) that does not have support for the newest Firebase Extensions features. Please update firebase-functions SDK to >=5.1.0 to use them correctly 
[debug] [2025-11-27T10:27:59.327Z] Could not find functions.yaml. Must use http discovery
[debug] [2025-11-27T10:27:59.353Z] Found firebase-functions binary at 'E:\01-Bussiness\Cflock\apps\functions\node_modules\.bin\firebase-functions'
[info] Serving at port 8210

[error] TypeError: express is not a function
    at Object.<anonymous> (E:\01-Bussiness\Cflock\apps\functions\lib\index.js:43:13)
    at Module._compile (node:internal/modules/cjs/loader:1688:14)
    at Object..js (node:internal/modules/cjs/loader:1820:10)
    at Module.load (node:internal/modules/cjs/loader:1423:32)
    at Function._load (node:internal/modules/cjs/loader:1246:12)
    at TracingChannel.traceSync (node:diagnostics_channel:322:14)
    at wrapModuleLoad (node:internal/modules/cjs/loader:235:24)
    at Module.require (node:internal/modules/cjs/loader:1445:12)
    at require (node:internal/modules/helpers:135:16)
    at loadModule (E:\01-Bussiness\Cflock\apps\functions\node_modules\firebase-functions\lib\runtime\loader.js:40:16)

[debug] [2025-11-27T10:28:01.997Z] Got response code 400; body Failed to generate manifest from function source: TypeError: express is not a function
[error] !!  functions: Failed to load function definition from source: FirebaseError: Functions codebase could not be analyzed successfully. It may have a syntax or runtime error {"metadata":{"emulator":{"name":"functions"},"message":"Failed to load function definition from source: FirebaseError: Functions codebase could not be analyzed successfully. It may have a syntax or runtime error"}}
[debug] [2025-11-27T10:28:06.070Z] Could not find VSCode notification endpoint: FetchError: request to http://localhost:40001/vscode/notify failed, reason: . If you are not running the Firebase Data Connect VSCode extension, this is expected and not an issue.
[info] 
┌─────────────────────────────────────────────────────────────┐
│ ✔  All emulators ready! It is now safe to connect your app. │
│ i  View Emulator UI at http://127.0.0.1:4000/               │
└─────────────────────────────────────────────────────────────┘

┌───────────┬────────────────┬─────────────────────────────────┐
│ Emulator  │ Host:Port      │ View in Emulator UI             │
├───────────┼────────────────┼─────────────────────────────────┤
│ Functions │ 127.0.0.1:5001 │ http://127.0.0.1:4000/functions │
└───────────┴────────────────┴─────────────────────────────────┘
  Emulator Hub host: 127.0.0.1 port: 4400
  Other reserved ports: 4500

Issues? Report them at https://github.com/firebase/firebase-tools/issues and attach the *-debug.log files.
 
[debug] [2025-11-27T10:29:09.509Z] [work-queue] {"queuedWork":["/demo-no-project/us-central1/api/patients-2025-11-27T10:29:09.508Z"],"queueLength":1,"runningWork":[],"workRunningCount":0}
[debug] [2025-11-27T10:29:09.510Z] [work-queue] {"queuedWork":[],"queueLength":0,"runningWork":["/demo-no-project/us-central1/api/patients-2025-11-27T10:29:09.508Z"],"workRunningCount":1}
[debug] [2025-11-27T10:29:09.512Z] [work-queue] {"queuedWork":[],"queueLength":0,"runningWork":[],"workRunningCount":0}
[debug] [2025-11-27T10:29:12.602Z] [work-queue] {"queuedWork":["/demo-no-project/us-central1/api/appointments-2025-11-27T10:29:12.602Z"],"queueLength":1,"runningWork":[],"workRunningCount":0}
[debug] [2025-11-27T10:29:12.602Z] [work-queue] {"queuedWork":[],"queueLength":0,"runningWork":["/demo-no-project/us-central1/api/appointments-2025-11-27T10:29:12.602Z"],"workRunningCount":1}
[debug] [2025-11-27T10:29:12.603Z] [work-queue] {"queuedWork":[],"queueLength":0,"runningWork":[],"workRunningCount":0}
[debug] [2025-11-27T10:29:21.040Z] [work-queue] {"queuedWork":["/demo-no-project/us-central1/api/patients-2025-11-27T10:29:21.040Z"],"queueLength":1,"runningWork":[],"workRunningCount":0}
[debug] [2025-11-27T10:29:21.041Z] [work-queue] {"queuedWork":[],"queueLength":0,"runningWork":["/demo-no-project/us-central1/api/patients-2025-11-27T10:29:21.040Z"],"workRunningCount":1}
[debug] [2025-11-27T10:29:21.042Z] [work-queue] {"queuedWork":[],"queueLength":0,"runningWork":[],"workRunningCount":0}
[debug] [2025-11-27T10:41:09.660Z] [work-queue] {"queuedWork":["/demo-no-project/us-central1/api/patients-2025-11-27T10:41:09.658Z"],"queueLength":1,"runningWork":[],"workRunningCount":0}
[debug] [2025-11-27T10:41:09.661Z] [work-queue] {"queuedWork":[],"queueLength":0,"runningWork":["/demo-no-project/us-central1/api/patients-2025-11-27T10:41:09.658Z"],"workRunningCount":1}
[debug] [2025-11-27T10:41:09.663Z] [work-queue] {"queuedWork":[],"queueLength":0,"runningWork":[],"workRunningCount":0}
[debug] [2025-11-27T10:52:59.010Z] [work-queue] {"queuedWork":["/demo-no-project/us-central1/api/appointments-2025-11-27T10:52:59.010Z"],"queueLength":1,"runningWork":[],"workRunningCount":0}
[debug] [2025-11-27T10:52:59.011Z] [work-queue] {"queuedWork":[],"queueLength":0,"runningWork":["/demo-no-project/us-central1/api/appointments-2025-11-27T10:52:59.010Z"],"workRunningCount":1}
[debug] [2025-11-27T10:52:59.013Z] [work-queue] {"queuedWork":[],"queueLength":0,"runningWork":[],"workRunningCount":0}
[debug] [2025-11-27T10:52:59.014Z] [work-queue] {"queuedWork":["/demo-no-project/us-central1/api/staff-2025-11-27T10:52:59.014Z"],"queueLength":1,"runningWork":[],"workRunningCount":0}
[debug] [2025-11-27T10:52:59.015Z] [work-queue] {"queuedWork":[],"queueLength":0,"runningWork":["/demo-no-project/us-central1/api/staff-2025-11-27T10:52:59.014Z"],"workRunningCount":1}
[debug] [2025-11-27T10:52:59.015Z] [work-queue] {"queuedWork":[],"queueLength":0,"runningWork":[],"workRunningCount":0}
[debug] [2025-11-27T10:52:59.063Z] [work-queue] {"queuedWork":["/demo-no-project/us-central1/api/patients-2025-11-27T10:52:59.063Z"],"queueLength":1,"runningWork":[],"workRunningCount":0}
[debug] [2025-11-27T10:52:59.064Z] [work-queue] {"queuedWork":[],"queueLength":0,"runningWork":["/demo-no-project/us-central1/api/patients-2025-11-27T10:52:59.063Z"],"workRunningCount":1}
[debug] [2025-11-27T10:52:59.065Z] [work-queue] {"queuedWork":[],"queueLength":0,"runningWork":[],"workRunningCount":0}
[debug] [2025-11-27T10:53:01.736Z] [work-queue] {"queuedWork":["/demo-no-project/us-central1/api/patients-2025-11-27T10:53:01.735Z"],"queueLength":1,"runningWork":[],"workRunningCount":0}
[debug] [2025-11-27T10:53:01.736Z] [work-queue] {"queuedWork":[],"queueLength":0,"runningWork":["/demo-no-project/us-central1/api/patients-2025-11-27T10:53:01.735Z"],"workRunningCount":1}
[debug] [2025-11-27T10:53:01.738Z] [work-queue] {"queuedWork":[],"queueLength":0,"runningWork":[],"workRunningCount":0}
[debug] [2025-11-27T10:53:27.811Z] [work-queue] {"queuedWork":["/demo-no-project/us-central1/api/patients-2025-11-27T10:53:27.810Z"],"queueLength":1,"runningWork":[],"workRunningCount":0}
[debug] [2025-11-27T10:53:27.811Z] [work-queue] {"queuedWork":[],"queueLength":0,"runningWork":["/demo-no-project/us-central1/api/patients-2025-11-27T10:53:27.810Z"],"workRunningCount":1}
[debug] [2025-11-27T10:53:27.812Z] [work-queue] {"queuedWork":[],"queueLength":0,"runningWork":[],"workRunningCount":0}
[debug] [2025-11-27T10:53:34.695Z] [work-queue] {"queuedWork":["/demo-no-project/us-central1/api/appointments-2025-11-27T10:53:34.694Z"],"queueLength":1,"runningWork":[],"workRunningCount":0}
[debug] [2025-11-27T10:53:34.695Z] [work-queue] {"queuedWork":[],"queueLength":0,"runningWork":["/demo-no-project/us-central1/api/appointments-2025-11-27T10:53:34.694Z"],"workRunningCount":1}
[debug] [2025-11-27T10:53:34.696Z] [work-queue] {"queuedWork":[],"queueLength":0,"runningWork":[],"workRunningCount":0}
[debug] [2025-11-27T10:53:36.765Z] [work-queue] {"queuedWork":["/demo-no-project/us-central1/api/prescriptions-2025-11-27T10:53:36.764Z"],"queueLength":1,"runningWork":[],"workRunningCount":0}
[debug] [2025-11-27T10:53:36.765Z] [work-queue] {"queuedWork":[],"queueLength":0,"runningWork":["/demo-no-project/us-central1/api/prescriptions-2025-11-27T10:53:36.764Z"],"workRunningCount":1}
[debug] [2025-11-27T10:53:36.766Z] [work-queue] {"queuedWork":[],"queueLength":0,"runningWork":[],"workRunningCount":0}
[debug] [2025-11-27T10:53:39.442Z] [work-queue] {"queuedWork":["/demo-no-project/us-central1/api/test-tenant/staff-2025-11-27T10:53:39.442Z"],"queueLength":1,"runningWork":[],"workRunningCount":0}
[debug] [2025-11-27T10:53:39.442Z] [work-queue] {"queuedWork":[],"queueLength":0,"runningWork":["/demo-no-project/us-central1/api/test-tenant/staff-2025-11-27T10:53:39.442Z"],"workRunningCount":1}
[debug] [2025-11-27T10:53:39.443Z] [work-queue] {"queuedWork":[],"queueLength":0,"runningWork":[],"workRunningCount":0}
[debug] [2025-11-27T10:53:42.742Z] [work-queue] {"queuedWork":["/demo-no-project/us-central1/api/billing-2025-11-27T10:53:42.742Z"],"queueLength":1,"runningWork":[],"workRunningCount":0}
[debug] [2025-11-27T10:53:42.743Z] [work-queue] {"queuedWork":[],"queueLength":0,"runningWork":["/demo-no-project/us-central1/api/billing-2025-11-27T10:53:42.742Z"],"workRunningCount":1}
[debug] [2025-11-27T10:53:42.744Z] [work-queue] {"queuedWork":[],"queueLength":0,"runningWork":[],"workRunningCount":0}
[debug] [2025-11-27T10:53:45.713Z] [work-queue] {"queuedWork":["/demo-no-project/us-central1/api/staff-2025-11-27T10:53:45.713Z"],"queueLength":1,"runningWork":[],"workRunningCount":0}
[debug] [2025-11-27T10:53:45.714Z] [work-queue] {"queuedWork":[],"queueLength":0,"runningWork":["/demo-no-project/us-central1/api/staff-2025-11-27T10:53:45.713Z"],"workRunningCount":1}
[debug] [2025-11-27T10:53:45.715Z] [work-queue] {"queuedWork":[],"queueLength":0,"runningWork":[],"workRunningCount":0}
[debug] [2025-11-27T10:53:45.721Z] [work-queue] {"queuedWork":["/demo-no-project/us-central1/api/patients-2025-11-27T10:53:45.721Z"],"queueLength":1,"runningWork":[],"workRunningCount":0}
[debug] [2025-11-27T10:53:45.722Z] [work-queue] {"queuedWork":[],"queueLength":0,"runningWork":["/demo-no-project/us-central1/api/patients-2025-11-27T10:53:45.721Z"],"workRunningCount":1}
[debug] [2025-11-27T10:53:45.722Z] [work-queue] {"queuedWork":[],"queueLength":0,"runningWork":[],"workRunningCount":0}
[debug] [2025-11-27T14:46:51.057Z] [work-queue] {"queuedWork":["/demo-no-project/us-central1/api/staff-2025-11-27T14:46:51.055Z"],"queueLength":1,"runningWork":[],"workRunningCount":0}
[debug] [2025-11-27T14:46:51.064Z] [work-queue] {"queuedWork":[],"queueLength":0,"runningWork":["/demo-no-project/us-central1/api/staff-2025-11-27T14:46:51.055Z"],"workRunningCount":1}
[debug] [2025-11-27T14:46:51.073Z] [work-queue] {"queuedWork":[],"queueLength":0,"runningWork":[],"workRunningCount":0}
[debug] [2025-11-27T14:46:51.077Z] [work-queue] {"queuedWork":["/demo-no-project/us-central1/api/patients-2025-11-27T14:46:51.077Z"],"queueLength":1,"runningWork":[],"workRunningCount":0}
[debug] [2025-11-27T14:46:51.078Z] [work-queue] {"queuedWork":[],"queueLength":0,"runningWork":["/demo-no-project/us-central1/api/patients-2025-11-27T14:46:51.077Z"],"workRunningCount":1}
[debug] [2025-11-27T14:46:51.080Z] [work-queue] {"queuedWork":[],"queueLength":0,"runningWork":[],"workRunningCount":0}
[debug] [2025-11-27T15:32:12.450Z] [work-queue] {"queuedWork":["/demo-no-project/us-central1/api/staff-2025-11-27T15:32:12.450Z"],"queueLength":1,"runningWork":[],"workRunningCount":0}
[debug] [2025-11-27T15:32:12.454Z] [work-queue] {"queuedWork":[],"queueLength":0,"runningWork":["/demo-no-project/us-central1/api/staff-2025-11-27T15:32:12.450Z"],"workRunningCount":1}
[debug] [2025-11-27T15:32:12.455Z] [work-queue] {"queuedWork":[],"queueLength":0,"runningWork":[],"workRunningCount":0}
[debug] [2025-11-27T15:32:12.489Z] [work-queue] {"queuedWork":["/demo-no-project/us-central1/api/patients-2025-11-27T15:32:12.489Z"],"queueLength":1,"runningWork":[],"workRunningCount":0}
[debug] [2025-11-27T15:32:12.489Z] [work-queue] {"queuedWork":[],"queueLength":0,"runningWork":["/demo-no-project/us-central1/api/patients-2025-11-27T15:32:12.489Z"],"workRunningCount":1}
[debug] [2025-11-27T15:32:12.491Z] [work-queue] {"queuedWork":[],"queueLength":0,"runningWork":[],"workRunningCount":0}
[debug] [2025-11-27T15:32:12.772Z] [work-queue] {"queuedWork":["/demo-no-project/us-central1/api/patients-2025-11-27T15:32:12.772Z"],"queueLength":1,"runningWork":[],"workRunningCount":0}
[debug] [2025-11-27T15:32:12.773Z] [work-queue] {"queuedWork":[],"queueLength":0,"runningWork":["/demo-no-project/us-central1/api/patients-2025-11-27T15:32:12.772Z"],"workRunningCount":1}
[debug] [2025-11-27T15:32:12.773Z] [work-queue] {"queuedWork":[],"queueLength":0,"runningWork":[],"workRunningCount":0}
[debug] [2025-11-27T15:36:11.462Z] [work-queue] {"queuedWork":["/demo-no-project/us-central1/api/patients-2025-11-27T15:36:11.461Z"],"queueLength":1,"runningWork":[],"workRunningCount":0}
[debug] [2025-11-27T15:36:11.463Z] [work-queue] {"queuedWork":[],"queueLength":0,"runningWork":["/demo-no-project/us-central1/api/patients-2025-11-27T15:36:11.461Z"],"workRunningCount":1}
[debug] [2025-11-27T15:36:11.464Z] [work-queue] {"queuedWork":[],"queueLength":0,"runningWork":[],"workRunningCount":0}
[debug] [2025-11-27T15:40:54.133Z] [work-queue] {"queuedWork":["/demo-no-project/us-central1/api/patients-2025-11-27T15:40:54.133Z"],"queueLength":1,"runningWork":[],"workRunningCount":0}
[debug] [2025-11-27T15:40:54.133Z] [work-queue] {"queuedWork":[],"queueLength":0,"runningWork":["/demo-no-project/us-central1/api/patients-2025-11-27T15:40:54.133Z"],"workRunningCount":1}
[debug] [2025-11-27T15:40:54.134Z] [work-queue] {"queuedWork":[],"queueLength":0,"runningWork":[],"workRunningCount":0}
[debug] [2025-11-27T16:09:57.331Z] [work-queue] {"queuedWork":["/demo-no-project/us-central1/api/appointments-2025-11-27T16:09:57.331Z"],"queueLength":1,"runningWork":[],"workRunningCount":0}
[debug] [2025-11-27T16:09:57.332Z] [work-queue] {"queuedWork":[],"queueLength":0,"runningWork":["/demo-no-project/us-central1/api/appointments-2025-11-27T16:09:57.331Z"],"workRunningCount":1}
[debug] [2025-11-27T16:09:57.333Z] [work-queue] {"queuedWork":[],"queueLength":0,"runningWork":[],"workRunningCount":0}
[debug] [2025-11-27T16:10:11.676Z] [work-queue] {"queuedWork":["/demo-no-project/us-central1/api/prescriptions-2025-11-27T16:10:11.676Z"],"queueLength":1,"runningWork":[],"workRunningCount":0}
[debug] [2025-11-27T16:10:11.676Z] [work-queue] {"queuedWork":[],"queueLength":0,"runningWork":["/demo-no-project/us-central1/api/prescriptions-2025-11-27T16:10:11.676Z"],"workRunningCount":1}
[debug] [2025-11-27T16:10:11.678Z] [work-queue] {"queuedWork":[],"queueLength":0,"runningWork":[],"workRunningCount":0}
[debug] [2025-11-27T16:10:13.057Z] [work-queue] {"queuedWork":["/demo-no-project/us-central1/api/test-tenant/staff-2025-11-27T16:10:13.057Z"],"queueLength":1,"runningWork":[],"workRunningCount":0}
[debug] [2025-11-27T16:10:13.057Z] [work-queue] {"queuedWork":[],"queueLength":0,"runningWork":["/demo-no-project/us-central1/api/test-tenant/staff-2025-11-27T16:10:13.057Z"],"workRunningCount":1}
[debug] [2025-11-27T16:10:13.058Z] [work-queue] {"queuedWork":[],"queueLength":0,"runningWork":[],"workRunningCount":0}
